<?xml version="1.0" encoding="UTF-8" ?>
<testsuites>
 <testsuite name="system" timestamp="2017-01-16T15:20:18" hostname="localhost" time="0.003" errors="0" tests="1" skipped="0" disabled="0" failures="0">
  <testcase classname="system" name="has an acceptable version of Node.js" time="0.002" />
 </testsuite>
</testsuites>